[2026-03-25 05:27:54] DEBUG [mirofish.request.log_request:55] 请求: GET /api/gtm/scenarios
[2026-03-25 05:27:54] DEBUG [mirofish.request.log_response:62] 响应: 200
[2026-03-25 05:27:54] DEBUG [mirofish.request.log_request:55] 请求: GET /api/settings/auth-status
[2026-03-25 05:27:54] DEBUG [mirofish.request.log_response:62] 响应: 200
[2026-03-25 05:27:54] DEBUG [mirofish.request.log_request:55] 请求: GET /api/simulation/list
[2026-03-25 05:27:54] DEBUG [mirofish.request.log_response:62] 响应: 200
[2026-03-25 05:27:54] DEBUG [mirofish.request.log_request:55] 请求: GET /api/report/list
[2026-03-25 05:27:54] DEBUG [mirofish.request.log_response:62] 响应: 200
[2026-03-25 05:27:54] DEBUG [mirofish.request.log_request:55] 请求: GET /api/simulation/history
[2026-03-25 05:27:54] DEBUG [mirofish.request.log_response:62] 响应: 200
[2026-03-25 05:28:16] INFO [mirofish.create_app:38] ==================================================
[2026-03-25 05:28:16] INFO [mirofish.create_app:39] MiroFish Backend 启动中...
[2026-03-25 05:28:16] INFO [mirofish.create_app:40] ==================================================
[2026-03-25 05:28:16] INFO [mirofish.create_app:49] 已注册模拟进程清理函数
[2026-03-25 05:28:16] INFO [mirofish.create_app:85] MiroFish Backend 启动完成
[2026-03-25 05:28:18] DEBUG [mirofish.request.log_request:55] 请求: GET /api/gtm/scenarios
[2026-03-25 05:28:18] DEBUG [mirofish.request.log_response:62] 响应: 200
[2026-03-25 05:28:30] DEBUG [mirofish.request.log_request:55] 请求: GET /api/gtm/scenarios
[2026-03-25 05:28:30] DEBUG [mirofish.request.log_response:62] 响应: 200
[2026-03-25 05:29:06] DEBUG [mirofish.request.log_request:55] 请求: GET /api/gtm/scenarios/outbound-campaign
[2026-03-25 05:29:06] DEBUG [mirofish.request.log_response:62] 响应: 404
[2026-03-25 05:29:18] DEBUG [mirofish.request.log_request:55] 请求: GET /api/gtm/scenarios
[2026-03-25 05:29:18] DEBUG [mirofish.request.log_response:62] 响应: 200
[2026-03-25 05:29:35] DEBUG [mirofish.request.log_request:55] 请求: GET /api/gtm/scenarios
[2026-03-25 05:29:35] DEBUG [mirofish.request.log_response:62] 响应: 200
[2026-03-25 05:29:45] DEBUG [mirofish.request.log_request:55] 请求: GET /api/gtm/scenarios/outbound_campaign
[2026-03-25 05:29:45] DEBUG [mirofish.request.log_response:62] 响应: 200
